<?xml version="1.0" encoding="UTF-8"?>
<testng-results ignored="0" total="2" passed="2" failed="0" skipped="0">
  <reporter-output>
  </reporter-output>
  <suite started-at="2022-09-05T13:13:52 IST" name="Default suite" finished-at="2022-09-05T13:14:08 IST" duration-ms="15877">
    <groups>
    </groups>
    <test started-at="2022-09-05T13:13:52 IST" name="Default test" finished-at="2022-09-05T13:14:08 IST" duration-ms="15877">
      <class name="testng.CreateLead">
        <test-method signature="main(java.lang.String,java.lang.String)[pri:0, instance:testng.CreateLead@1e1a0406]" started-at="2022-09-05T13:13:52 IST" name="main" data-provider="login" finished-at="2022-09-05T13:14:07 IST" duration-ms="14844" status="PASS">
          <params>
            <param index="0">
              <value>
                <![CDATA[DemoSalesManager]]>
              </value>
            </param>
            <param index="1">
              <value>
                <![CDATA[crmsfa]]>
              </value>
            </param>
          </params>
          <reporter-output>
          </reporter-output>
        </test-method> <!-- main -->
        <test-method signature="main(java.lang.String,java.lang.String)[pri:0, instance:testng.CreateLead@1e1a0406]" started-at="2022-09-05T13:13:52 IST" name="main" data-provider="login" finished-at="2022-09-05T13:14:08 IST" duration-ms="15818" status="PASS">
          <params>
            <param index="0">
              <value>
                <![CDATA[DemoSalesManager]]>
              </value>
            </param>
            <param index="1">
              <value>
                <![CDATA[crmsfa]]>
              </value>
            </param>
          </params>
          <reporter-output>
          </reporter-output>
        </test-method> <!-- main -->
      </class> <!-- testng.CreateLead -->
    </test> <!-- Default test -->
  </suite> <!-- Default suite -->
</testng-results>
